Command line:
   string_tb_isim_beh.exe
     -simmode  gui
     -simrunnum  0
     -socket  7476

Sun Oct 24 22:27:21 2021


 Elaboration Time: 0.015625 sec

 Current Memory Usage: 5153.41 Meg

 Total Signals          : 20
 Total Nets             : 26
 Total Signal Drivers   : 11
 Total Blocks           : 3
 Total Primitive Blocks : 2
 Total Processes        : 15
 Total Traceable Variables  : 26
 Total Scalar Nets and Variables : 125
Total Line Count : 60

 Total Simulation Time: 0.171875 sec

 Current Memory Usage: 4681.55 Meg

Sun Oct 24 22:56:38 2021

