Running: D:\Program\ISE\14.7\ISE_DS\ISE\bin\nt64\unwrapped\fuse.exe -intstyle ise -incremental -lib unisims_ver -lib unimacro_ver -lib xilinxcorelib_ver -lib secureip -o E:/software_data/ISE_data/P6_all/P6_madd/mips_txt_isim_beh.exe -prj E:/software_data/ISE_data/P6_all/P6_madd/mips_txt_beh.prj work.mips_txt work.glbl 
ISim P.20131013 (signature 0x7708f090)
Number of CPUs detected in this system: 8
Turning on mult-threading, number of parallel sub-compilation jobs: 16 
Determining compilation order of HDL files
Analyzing Verilog file "E:/software_data/ISE_data/P6_all/P6_madd/TGenerator.v" into library work
Analyzing Verilog file "E:/software_data/ISE_data/P6_all/P6_madd/reg_file.v" into library work
Analyzing Verilog file "E:/software_data/ISE_data/P6_all/P6_madd/pc.v" into library work
Analyzing Verilog file "E:/software_data/ISE_data/P6_all/P6_madd/npc.v" into library work
Analyzing Verilog file "E:/software_data/ISE_data/P6_all/P6_madd/mdu.v" into library work
Analyzing Verilog file "E:/software_data/ISE_data/P6_all/P6_madd/grf.v" into library work
Analyzing Verilog file "E:/software_data/ISE_data/P6_all/P6_madd/EXT.v" into library work
Analyzing Verilog file "E:/software_data/ISE_data/P6_all/P6_madd/DM_ext.v" into library work
Analyzing Verilog file "E:/software_data/ISE_data/P6_all/P6_madd/DASM.v" into library work
Analyzing Verilog file "E:/software_data/ISE_data/P6_all/P6_madd/control.v" into library work
Analyzing Verilog file "E:/software_data/ISE_data/P6_all/P6_madd/CMP.v" into library work
Analyzing Verilog file "E:/software_data/ISE_data/P6_all/P6_madd/ClashControl.v" into library work
Analyzing Verilog file "E:/software_data/ISE_data/P6_all/P6_madd/BEU.v" into library work
Analyzing Verilog file "E:/software_data/ISE_data/P6_all/P6_madd/ALU.v" into library work
Analyzing Verilog file "E:/software_data/ISE_data/P6_all/P6_madd/Datapath.v" into library work
Analyzing Verilog file "E:/software_data/ISE_data/P6_all/P6_madd/mips.v" into library work
Analyzing Verilog file "E:/software_data/ISE_data/P6_all/P6_madd/mips_tb.v" into library work
Analyzing Verilog file "D:/Program/ISE/14.7/ISE_DS/ISE//verilog/src/glbl.v" into library work
Starting static elaboration
WARNING:HDLCompiler:1016 - "E:/software_data/ISE_data/P6_all/P6_madd/Datapath.v" Line 54: Port in_cmp_e0 is not connected to this instance
WARNING:HDLCompiler:1016 - "E:/software_data/ISE_data/P6_all/P6_madd/Datapath.v" Line 70: Port alu_mod is not connected to this instance
WARNING:HDLCompiler:1016 - "E:/software_data/ISE_data/P6_all/P6_madd/Datapath.v" Line 151: Port stall is not connected to this instance
WARNING:HDLCompiler:1016 - "E:/software_data/ISE_data/P6_all/P6_madd/Datapath.v" Line 187: Port grf_we is not connected to this instance
WARNING:HDLCompiler:1016 - "E:/software_data/ISE_data/P6_all/P6_madd/Datapath.v" Line 256: Port stall is not connected to this instance
WARNING:HDLCompiler:1016 - "E:/software_data/ISE_data/P6_all/P6_madd/Datapath.v" Line 291: Port grf_we is not connected to this instance
WARNING:HDLCompiler:1016 - "E:/software_data/ISE_data/P6_all/P6_madd/Datapath.v" Line 341: Port stall is not connected to this instance
WARNING:HDLCompiler:1016 - "E:/software_data/ISE_data/P6_all/P6_madd/Datapath.v" Line 374: Port grf_a1 is not connected to this instance
Completed static elaboration
Compiling module pc
Compiling module reg_file
Compiling module control
Compiling module EXT
Compiling module grf
Compiling module CMP
Compiling module npc
Compiling module alu
Compiling module mdu
Compiling module BEU
Compiling module DM_ext
Compiling module TGenerator
Compiling module ClashControl
Compiling module DASM
Compiling module Datapath
Compiling module mips
Compiling module mips_txt
Compiling module glbl
Time Resolution for simulation is 1ps.
Waiting for 3 sub-compilation(s) to finish...
WARNING:Simulator - Unable to copy libPortabilityNOSH.dll to the simulation executable directory: boost::filesystem::copy_file: 系统找不到指定的路径。, "isim\mips_txt_isim_beh.exe.sim\libPortability.dll".
Compiled 18 Verilog Units
Built simulation executable E:/software_data/ISE_data/P6_all/P6_madd/mips_txt_isim_beh.exe
Fuse Memory Usage: 33356 KB
Fuse CPU Usage: 640 ms
