Running: D:\Program\ISE\14.7\ISE_DS\ISE\bin\nt64\unwrapped\fuse.exe -intstyle ise -incremental -lib unisims_ver -lib unimacro_ver -lib xilinxcorelib_ver -lib secureip -o E:/software_data/ISE_data/P5/mips_tb_p5_isim_beh.exe -prj E:/software_data/ISE_data/P5/mips_tb_p5_beh.prj work.mips_tb_p5 work.glbl 
ISim P.20131013 (signature 0x7708f090)
Number of CPUs detected in this system: 8
Turning on mult-threading, number of parallel sub-compilation jobs: 16 
Determining compilation order of HDL files
Analyzing Verilog file "E:/software_data/ISE_data/P5/TGenerator.v" into library work
Analyzing Verilog file "E:/software_data/ISE_data/P5/reg_file.v" into library work
Analyzing Verilog file "E:/software_data/ISE_data/P5/pc.v" into library work
Analyzing Verilog file "E:/software_data/ISE_data/P5/npc.v" into library work
Analyzing Verilog file "E:/software_data/ISE_data/P5/IM.v" into library work
Analyzing Verilog file "E:/software_data/ISE_data/P5/grf.v" into library work
Analyzing Verilog file "E:/software_data/ISE_data/P5/EXT.v" into library work
Analyzing Verilog file "E:/software_data/ISE_data/P5/DM.v" into library work
Analyzing Verilog file "E:/software_data/ISE_data/P5/control.v" into library work
Analyzing Verilog file "E:/software_data/ISE_data/P5/CMP.v" into library work
Analyzing Verilog file "E:/software_data/ISE_data/P5/ClashControl.v" into library work
Analyzing Verilog file "E:/software_data/ISE_data/P5/ALU.v" into library work
Analyzing Verilog file "E:/software_data/ISE_data/P5/DataPath.v" into library work
Analyzing Verilog file "E:/software_data/ISE_data/P5/mips.v" into library work
Analyzing Verilog file "E:/software_data/ISE_data/P5/mips_tb_p5.v" into library work
Analyzing Verilog file "D:/Program/ISE/14.7/ISE_DS/ISE//verilog/src/glbl.v" into library work
Starting static elaboration
WARNING:HDLCompiler:1016 - "E:/software_data/ISE_data/P5/DataPath.v" Line 34: Port in_cmp_is0 is not connected to this instance
WARNING:HDLCompiler:1016 - "E:/software_data/ISE_data/P5/DataPath.v" Line 49: Port alu_mod is not connected to this instance
WARNING:HDLCompiler:1016 - "E:/software_data/ISE_data/P5/DataPath.v" Line 134: Port stall is not connected to this instance
WARNING:HDLCompiler:1016 - "E:/software_data/ISE_data/P5/DataPath.v" Line 160: Port grf_we is not connected to this instance
WARNING:HDLCompiler:1016 - "E:/software_data/ISE_data/P5/DataPath.v" Line 204: Port stall is not connected to this instance
WARNING:HDLCompiler:1016 - "E:/software_data/ISE_data/P5/DataPath.v" Line 229: Port grf_a1 is not connected to this instance
WARNING:HDLCompiler:1016 - "E:/software_data/ISE_data/P5/DataPath.v" Line 263: Port stall is not connected to this instance
WARNING:HDLCompiler:1016 - "E:/software_data/ISE_data/P5/DataPath.v" Line 286: Port grf_a1 is not connected to this instance
Completed static elaboration
Compiling module pc
Compiling module IM
Compiling module reg_file
Compiling module control
Compiling module EXT
Compiling module grf
Compiling module CMP
Compiling module npc
Compiling module TGenerator
Compiling module alu
Compiling module DM
Compiling module ClashControl
Compiling module DataPath
Compiling module mips
Compiling module mips_tb_p5
Compiling module glbl
Time Resolution for simulation is 1ps.
Waiting for 1 sub-compilation(s) to finish...
WARNING:Simulator - Unable to copy libPortabilityNOSH.dll to the simulation executable directory: boost::filesystem::copy_file: 系统找不到指定的路径。, "isim\mips_tb_p5_isim_beh.exe.sim\libPortability.dll".
Compiled 16 Verilog Units
Built simulation executable E:/software_data/ISE_data/P5/mips_tb_p5_isim_beh.exe
Fuse Memory Usage: 29376 KB
Fuse CPU Usage: 765 ms
