ISim log file
Running: E:\software_data\ISE_data\P5\mips_tb_p5_isim_beh.exe -intstyle ise -gui -tclbatch isim.cmd -view E:/software_data/ISE_data/P5/default.wcfg -wdb E:/software_data/ISE_data/P5/mips_tb_p5_isim_beh.wdb 
ISim P.20131013 (signature 0x7708f090)
WARNING: A WEBPACK license was found.
WARNING: Please use Xilinx License Configuration Manager to check out a full ISim license.
WARNING: ISim will run in Lite mode. Please refer to the ISim documentation for more information on the differences between the Lite and the Full version.
This is a Lite version of ISim.
Time resolution is 1 ps
# onerror resume
# run 1000 ns
Simulator is doing circuit initialization process.
Finished circuit initialization process.
xxxx
yyyy
yyyy
yyyy
                  55@00003000: $ 1 <= 00001170
                  65@00003004: $ 2 <= 0000209f
                  75@00003008: $ 3 <= 00005e81
                  85@0000300c: $ 4 <= 00004c3e
                  95@00003010: $ 5 <= 00000fca
                 105@00003014: $ 6 <= 0000560b
                 115@00003018: $ 7 <= 00006b0e
                 125@0000301c: $ 8 <= 00006567
                 135@00003020: $ 9 <= 00003823
                 145@00003024: $10 <= 000070c8
                 155@00003028: $11 <= 000011be
                 165@0000302c: $12 <= 000075d9
                 175@00003030: $13 <= 00003d81
                 185@00003034: $14 <= 00006fd3
                 195@00003038: $15 <= 00004d70
                 205@0000303c: $16 <= 0000658e
                 215@00003040: $17 <= 00001e48
                 225@00003044: $18 <= 0000750f
                 235@00003048: $19 <= 00002146
                 245@0000304c: $20 <= 000030a8
                 255@00003050: $21 <= 0000155d
                 265@00003054: $22 <= 000001dd
                 275@00003058: $23 <= 000032f1
                 285@0000305c: $24 <= 000028ab
                 295@00003060: $25 <= 0000268c
                 305@00003064: $26 <= 000061ed
                 315@00003068: $27 <= 00005a2f
                 325@0000306c: $28 <= 000055ea
                 335@00003070: $29 <= 00004a27
                 345@00003074: $30 <= 00003854
                 355@00003078: $31 <= 00004991
                 355@0000307c: *00000000 <= 00003d81
                 365@00003080: *00000004 <= 0000658e
                 375@00003084: *00000008 <= 00004d70
                 385@00003088: *0000000c <= 000030a8
                 395@0000308c: *00000010 <= 00002146
                 405@00003090: *00000014 <= 0000658e
                 415@00003094: *00000018 <= 00003d81
                 425@00003098: *0000001c <= 00004991
                 435@0000309c: *00000020 <= 00003854
                 445@000030a0: *00000024 <= 000055ea
                 455@000030a4: *00000028 <= 00005e81
                 465@000030a8: *0000002c <= 00004a27
                 475@000030ac: *00000030 <= 0000268c
                 485@000030b0: *00000034 <= 00001e48
                 495@000030b4: *00000038 <= 00004c3e
                 505@000030b8: *0000003c <= 00003d81
                 515@000030bc: *00000040 <= 00002146
                 525@000030c0: *00000044 <= 000030a8
                 535@000030c4: *00000048 <= 00003854
                 545@000030c8: *0000004c <= 00003823
                 555@000030cc: *00000050 <= 00003d81
                 565@000030d0: *00000054 <= 000028ab
                 575@000030d4: *00000058 <= 000055ea
                 585@000030d8: *0000005c <= 0000658e
                 595@000030dc: *00000060 <= 00000fca
                 605@000030e0: *00000064 <= 0000268c
                 615@000030e4: *00000068 <= 00000fca
                 625@000030e8: *0000006c <= 00003d81
                 635@000030ec: *00000070 <= 0000658e
                 645@000030f0: *00000074 <= 0000155d
                 655@000030f4: *00000078 <= 000011be
                 665@000030f8: *0000007c <= 000001dd
                 675@000030fc: *00000080 <= 00001e48
                 685@00003100: *00000084 <= 00006567
                 695@00003104: *00000088 <= 00004991
                 705@00003108: *0000008c <= 000075d9
                 715@0000310c: *00000090 <= 000001dd
                 725@00003110: *00000094 <= 00001170
                 735@00003114: *00000098 <= 00004a27
                 745@00003118: *0000009c <= 00001e48
                 755@0000311c: *000000a0 <= 000011be
                 765@00003120: *000000a4 <= 00005e81
                 775@00003124: *000000a8 <= 000061ed
                 785@00003128: *000000ac <= 00001e48
                 795@0000312c: *000000b0 <= 00003d81
                 805@00003130: *000000b4 <= 000028ab
                 815@00003134: *000000b8 <= 00003d81
                 825@00003138: *000000bc <= 00003823
                 835@0000313c: *000000c0 <= 00003d81
                 845@00003140: *000000c4 <= 0000268c
                 855@00003144: *000000c8 <= 0000155d
                 865@00003148: *000000cc <= 00004c3e
                 875@0000314c: *000000d0 <= 000032f1
                 885@00003150: *000000d4 <= 00000fca
                 895@00003154: *000000d8 <= 00003854
                 905@00003158: *000000dc <= 00003d81
                 915@0000315c: *000000e0 <= 00002146
                 925@00003160: *000000e4 <= 0000155d
                 935@00003164: *000000e8 <= 00000fca
                 945@00003168: *000000ec <= 0000658e
                 955@0000316c: *000000f0 <= 00006567
                 965@00003170: *000000f4 <= 000055ea
                 975@00003174: *000000f8 <= 00001170
                 985@00003178: *000000fc <= 0000155d
                 995@0000317c: *00000100 <= 0000268c
