Command line:
   BlockChecker_tb_isim_beh.exe
     -simmode  gui
     -simrunnum  0
     -socket  1633

Mon Oct 25 09:08:48 2021


 Elaboration Time: 0.03125 sec

 Current Memory Usage: 5153.44 Meg

 Total Signals          : 24
 Total Nets             : 30
 Total Signal Drivers   : 15
 Total Blocks           : 3
 Total Primitive Blocks : 2
 Total Processes        : 19
 Total Traceable Variables  : 35
 Total Scalar Nets and Variables : 198
Total Line Count : 105

 Total Simulation Time: 0.890625 sec

 Current Memory Usage: 4681.58 Meg

Mon Oct 25 09:37:25 2021

