Running: fuse.exe -relaunch -intstyle "ise" -incremental -lib "unisims_ver" -lib "unimacro_ver" -lib "xilinxcorelib_ver" -lib "secureip" -o "F:/sophomore/teaching assistant/ISE/P1/TestOfP0_tb_isim_beh.exe" -prj "F:/sophomore/teaching assistant/ISE/P1/TestOfP0_tb_beh.prj" "work.TestOfP0_tb" "work.glbl" 
ISim P.20131013 (signature 0x7708f090)
Number of CPUs detected in this system: 8
Turning on mult-threading, number of parallel sub-compilation jobs: 16 
Determining compilation order of HDL files
Analyzing Verilog file "F:/sophomore/teaching assistant/ISE/P1/TestOfP0.v" into library work
Analyzing Verilog file "F:/sophomore/teaching assistant/ISE/P1/TestOfP0_tb.v" into library work
Analyzing Verilog file "D:/Program/ISE/14.7/ISE_DS/ISE//verilog/src/glbl.v" into library work
Starting static elaboration
Completed static elaboration
Compiling module TestOfP0
Compiling module TestOfP0_tb
Compiling module glbl
Time Resolution for simulation is 1ps.
Waiting for 1 sub-compilation(s) to finish...
WARNING:Simulator - Unable to copy libPortabilityNOSH.dll to the simulation executable directory: boost::filesystem::copy_file: 系统找不到指定的路径。, "isim\TestOfP0_tb_isim_beh.exe.sim\libPortability.dll".
Compiled 3 Verilog Units
Built simulation executable F:/sophomore/teaching assistant/ISE/P1/TestOfP0_tb_isim_beh.exe
Fuse Memory Usage: 27492 KB
Fuse CPU Usage: 327 ms
