ISim log file
Running: E:\software_data\ISE_data\P6\mips_txt_isim_beh.exe -intstyle ise -gui -tclbatch isim.cmd -view E:/software_data/ISE_data/P6/default.wcfg -wdb E:/software_data/ISE_data/P6/mips_txt_isim_beh.wdb 
ISim P.20131013 (signature 0x7708f090)
WARNING: A WEBPACK license was found.
WARNING: Please use Xilinx License Configuration Manager to check out a full ISim license.
WARNING: ISim will run in Lite mode. Please refer to the ISim documentation for more information on the differences between the Lite and the Full version.
This is a Lite version of ISim.
Time resolution is 1 ps
# onerror resume
# run 1000 ns
Simulator is doing circuit initialization process.
Finished circuit initialization process.
@00003000: $ 1 <= 98760000
@00003004: $ 4 <= 98765432
@00003008: $ 1 <= 23450000
@0000300c: $ 5 <= 23456789
@00003010: $ 1 <= fedc0000
@00003014: $ 6 <= fedcba98
@00003018: $10 <= 00000001
@0000301c: $ 9 <= 00000000
@00003020: $ 3 <= bbbbbbbb
@00003024: $ 2 <= 97530eca
@00003028: $11 <= 00444400
@0000302c: $12 <= bb7777bb
@00003030: $13 <= 44888844
@00003034: $14 <= bb3333bb
@00003038: $31 <= 00000000
@00003040: $15 <= 0075cd90
@00003044: $16 <= 766651b0
@0000304c: $17 <= 97c8dc5a
@00003050: $18 <= 766651b0
@00003058: $19 <= fedcbac2
@0000305c: $20 <= 0000005a
@00003064: $21 <= 98765432
@00003068: $22 <= 00000000
@00003080: $ 7 <= bbbbbbbb
@00003090: $ 7 <= 98765432
@000030a0: $ 7 <= 97530eca
@000030b0: $ 7 <= 98765432
@000030bc: $ 1 <= fedc0008
@000030c0: $ 7 <= 00000001
@000030cc: $ 1 <= 00000004
@000030d0: $ 7 <= 00000000
@000030dc: $ 1 <= 0000000c
@000030e0: $ 7 <= 00000001
@000030ec: $ 1 <= 00000004
@000030f0: $ 7 <= 00000000
@00003100: $ 7 <= 00000001
@0000310c: $ 1 <= 00000004
@00003110: $ 7 <= 00000000
@00003120: $ 7 <= 00000001
@00003130: $ 7 <= 00000000
@0000313c: $ 1 <= 0000000c
@00003140: $ 7 <= c3b2a190
@0000314c: $ 1 <= 00000001
@00003150: $ 7 <= 4c3b2a19
@00003160: $ 7 <= fffffb72
@00003170: $ 7 <= 50c80000
@0000317c: $ 1 <= 00000001
@00003180: $ 7 <= fffffffe
@0000318c: $ 1 <= 00000003
@00003190: $ 7 <= 000000fe
@000031a0: $ 7 <= 000008d1
@000031ac: $ 1 <= 00000003
@000031b0: $ 7 <= ffcc3b2a
@000031c0: $ 7 <= 00444400
@000031d0: $ 7 <= bb7777bb
@000031e0: $ 7 <= 44888844
@000031f0: $ 7 <= bb3333bb
@00003204: $ 7 <= 0075cd90
@00003214: $ 7 <= 766651b0
@00003228: $ 7 <= 97c8dc5a
@00003238: $ 7 <= 766651b0
@0000324c: $ 7 <= fedcbac2
@0000325c: $ 7 <= 0000005a
@00003270: $ 7 <= 98765432
@00003280: $ 7 <= 00000000
# restart
# run 5.00us
Simulator is doing circuit initialization process.
Finished circuit initialization process.
@00003000: $ 1 <= 98760000
@00003004: $ 4 <= 98765432
@00003008: $ 1 <= 23450000
@0000300c: $ 5 <= 23456789
@00003010: $ 1 <= fedc0000
@00003014: $ 6 <= fedcba98
@00003018: $10 <= 00000001
@0000301c: $ 9 <= 00000000
@00003020: $ 3 <= bbbbbbbb
@00003024: $ 2 <= 97530eca
@00003028: $11 <= 00444400
@0000302c: $12 <= bb7777bb
@00003030: $13 <= 44888844
@00003034: $14 <= bb3333bb
@00003038: $31 <= 00000000
@00003040: $15 <= 0075cd90
@00003044: $16 <= 766651b0
@0000304c: $17 <= 97c8dc5a
@00003050: $18 <= 766651b0
@00003058: $19 <= fedcbac2
@0000305c: $20 <= 0000005a
@00003064: $21 <= 98765432
@00003068: $22 <= 00000000
@00003080: $ 7 <= bbbbbbbb
@00003090: $ 7 <= 98765432
@000030a0: $ 7 <= 97530eca
@000030b0: $ 7 <= 98765432
@000030bc: $ 1 <= fedc0008
@000030c0: $ 7 <= 00000001
@000030cc: $ 1 <= 00000004
@000030d0: $ 7 <= 00000000
@000030dc: $ 1 <= 0000000c
@000030e0: $ 7 <= 00000001
@000030ec: $ 1 <= 00000004
@000030f0: $ 7 <= 00000000
@00003100: $ 7 <= 00000001
@0000310c: $ 1 <= 00000004
@00003110: $ 7 <= 00000000
@00003120: $ 7 <= 00000001
@00003130: $ 7 <= 00000000
@0000313c: $ 1 <= 0000000c
@00003140: $ 7 <= c3b2a190
@0000314c: $ 1 <= 00000001
@00003150: $ 7 <= 4c3b2a19
@00003160: $ 7 <= fffffb72
@00003170: $ 7 <= 50c80000
@0000317c: $ 1 <= 00000001
@00003180: $ 7 <= fffffffe
@0000318c: $ 1 <= 00000003
@00003190: $ 7 <= 000000fe
@000031a0: $ 7 <= 000008d1
@000031ac: $ 1 <= 00000003
@000031b0: $ 7 <= ffcc3b2a
@000031c0: $ 7 <= 00444400
@000031d0: $ 7 <= bb7777bb
@000031e0: $ 7 <= 44888844
@000031f0: $ 7 <= bb3333bb
@00003204: $ 7 <= 0075cd90
@00003214: $ 7 <= 766651b0
@00003228: $ 7 <= 97c8dc5a
@00003238: $ 7 <= 766651b0
@0000324c: $ 7 <= fedcbac2
@0000325c: $ 7 <= 0000005a
@00003270: $ 7 <= 98765432
@00003280: $ 7 <= 00000000
@0000328c: $ 1 <= 00000002
ISim P.20131013 (signature 0x7708f090)
WARNING: A WEBPACK license was found.
WARNING: Please use Xilinx License Configuration Manager to check out a full ISim license.
WARNING: ISim will run in Lite mode. Please refer to the ISim documentation for more information on the differences between the Lite and the Full version.
This is a Lite version of ISim.
# run 1000 ns
Simulator is doing circuit initialization process.
Finished circuit initialization process.
@00003000: $ 1 <= 98760000
@00003004: $ 4 <= 98765432
@00003008: $ 1 <= 23450000
@0000300c: $ 5 <= 23456789
@00003010: $ 1 <= fedc0000
@00003014: $ 6 <= fedcba98
@00003018: $10 <= 00000001
@0000301c: $ 9 <= 00000000
@00003020: $ 3 <= bbbbbbbb
@00003024: $ 2 <= 97530eca
@00003028: $11 <= 00444400
@0000302c: $12 <= bb7777bb
@00003030: $13 <= 44888844
@00003034: $14 <= bb3333bb
@00003038: $31 <= 00000000
@00003040: $15 <= 0075cd90
@00003044: $16 <= 766651b0
@0000304c: $17 <= 97c8dc5a
@00003050: $18 <= 766651b0
@00003058: $19 <= fedcbac2
@0000305c: $20 <= 0000005a
@00003064: $21 <= 98765432
@00003068: $22 <= 00000000
@00003080: $ 7 <= bbbbbbbb
@00003090: $ 7 <= 98765432
@000030a0: $ 7 <= 97530eca
@000030b0: $ 7 <= 98765432
@000030bc: $ 1 <= fedc0008
@000030c0: $ 7 <= 00000001
@000030cc: $ 1 <= 00000004
@000030d0: $ 7 <= 00000000
@000030dc: $ 1 <= 0000000c
@000030e0: $ 7 <= 00000001
@000030ec: $ 1 <= 00000004
@000030f0: $ 7 <= 00000000
@00003100: $ 7 <= 00000001
@0000310c: $ 1 <= 00000004
@00003110: $ 7 <= 00000000
@00003120: $ 7 <= 00000001
@00003130: $ 7 <= 00000000
@0000313c: $ 1 <= 0000000c
@00003140: $ 7 <= c3b2a190
@0000314c: $ 1 <= 00000001
@00003150: $ 7 <= 4c3b2a19
@00003160: $ 7 <= fffffb72
@00003170: $ 7 <= 50c80000
@0000317c: $ 1 <= 00000001
@00003180: $ 7 <= fffffffe
@0000318c: $ 1 <= 00000003
@00003190: $ 7 <= 000000fe
@000031a0: $ 7 <= 000008d1
@000031ac: $ 1 <= 00000003
@000031b0: $ 7 <= ffcc3b2a
@000031c0: $ 7 <= 00444400
@000031d0: $ 7 <= bb7777bb
@000031e0: $ 7 <= 44888844
@000031f0: $ 7 <= bb3333bb
@00003204: $ 7 <= 0075cd90
@00003214: $ 7 <= 766651b0
@00003228: $ 7 <= 97c8dc5a
@00003238: $ 7 <= 766651b0
@0000324c: $ 7 <= fedcbac2
@0000325c: $ 7 <= 0000005a
@00003270: $ 7 <= 98765432
@00003280: $ 7 <= 00000000
# restart
# run 5.00us
Simulator is doing circuit initialization process.
Finished circuit initialization process.
@00003000: $ 1 <= 98760000
@00003004: $ 4 <= 98765432
@00003008: $ 1 <= 23450000
@0000300c: $ 5 <= 23456789
@00003010: $ 1 <= fedc0000
@00003014: $ 6 <= fedcba98
@00003018: $10 <= 00000001
@0000301c: $ 9 <= 00000000
@00003020: $ 3 <= bbbbbbbb
@00003024: $ 2 <= 97530eca
@00003028: $11 <= 00444400
@0000302c: $12 <= bb7777bb
@00003030: $13 <= 44888844
@00003034: $14 <= bb3333bb
@00003038: $31 <= 00000000
@00003040: $15 <= 0075cd90
@00003044: $16 <= 766651b0
@0000304c: $17 <= 97c8dc5a
@00003050: $18 <= 766651b0
@00003058: $19 <= fedcbac2
@0000305c: $20 <= 0000005a
@00003064: $21 <= 98765432
@00003068: $22 <= 00000000
@00003080: $ 7 <= bbbbbbbb
@00003090: $ 7 <= 98765432
@000030a0: $ 7 <= 97530eca
@000030b0: $ 7 <= 98765432
@000030bc: $ 1 <= fedc0008
@000030c0: $ 7 <= 00000001
@000030cc: $ 1 <= 00000004
@000030d0: $ 7 <= 00000000
@000030dc: $ 1 <= 0000000c
@000030e0: $ 7 <= 00000001
@000030ec: $ 1 <= 00000004
@000030f0: $ 7 <= 00000000
@00003100: $ 7 <= 00000001
@0000310c: $ 1 <= 00000004
@00003110: $ 7 <= 00000000
@00003120: $ 7 <= 00000001
@00003130: $ 7 <= 00000000
@0000313c: $ 1 <= 0000000c
@00003140: $ 7 <= c3b2a190
@0000314c: $ 1 <= 00000001
@00003150: $ 7 <= 4c3b2a19
@00003160: $ 7 <= fffffb72
@00003170: $ 7 <= 50c80000
@0000317c: $ 1 <= 00000001
@00003180: $ 7 <= fffffffe
@0000318c: $ 1 <= 00000003
@00003190: $ 7 <= 000000fe
@000031a0: $ 7 <= 000008d1
@000031ac: $ 1 <= 00000003
@000031b0: $ 7 <= ffcc3b2a
@000031c0: $ 7 <= 00444400
@000031d0: $ 7 <= bb7777bb
@000031e0: $ 7 <= 44888844
@000031f0: $ 7 <= bb3333bb
@00003204: $ 7 <= 0075cd90
@00003214: $ 7 <= 766651b0
@00003228: $ 7 <= 97c8dc5a
@00003238: $ 7 <= 766651b0
@0000324c: $ 7 <= fedcbac2
@0000325c: $ 7 <= 0000005a
@00003270: $ 7 <= 98765432
@00003280: $ 7 <= 00000000
@0000328c: $ 1 <= 00000002
ISim P.20131013 (signature 0x7708f090)
WARNING: A WEBPACK license was found.
WARNING: Please use Xilinx License Configuration Manager to check out a full ISim license.
WARNING: ISim will run in Lite mode. Please refer to the ISim documentation for more information on the differences between the Lite and the Full version.
This is a Lite version of ISim.
# run 1000 ns
Simulator is doing circuit initialization process.
Finished circuit initialization process.
@00003000: $ 1 <= 98760000
@00003004: $ 4 <= 98765432
@00003008: $ 1 <= 23450000
@0000300c: $ 5 <= 23456789
@00003010: $ 1 <= fedc0000
@00003014: $ 6 <= fedcba98
@00003018: $10 <= 00000001
@0000301c: $ 9 <= 00000000
@00003020: $ 3 <= bbbbbbbb
@00003024: $ 2 <= 97530eca
@00003028: $11 <= 00444400
@0000302c: $12 <= bb7777bb
@00003030: $13 <= 44888844
@00003034: $14 <= bb3333bb
@00003038: $31 <= 00000000
@00003040: $15 <= 0075cd90
@00003044: $16 <= 766651b0
@0000304c: $17 <= 97c8dc5a
@00003050: $18 <= 766651b0
@00003058: $19 <= fedcbac2
@0000305c: $20 <= 0000005a
@00003064: $21 <= 98765432
@00003068: $22 <= 00000000
@00003080: $ 7 <= bbbbbbbb
@00003090: $ 7 <= 98765432
@000030a0: $ 7 <= 97530eca
@000030b0: $ 7 <= 98765432
@000030bc: $ 1 <= fedc0008
@000030c0: $ 7 <= 00000001
@000030cc: $ 1 <= 00000004
@000030d0: $ 7 <= 00000000
@000030dc: $ 1 <= 0000000c
@000030e0: $ 7 <= 00000001
@000030ec: $ 1 <= 00000004
@000030f0: $ 7 <= 00000000
@00003100: $ 7 <= 00000001
@0000310c: $ 1 <= 00000004
@00003110: $ 7 <= 00000000
@00003120: $ 7 <= 00000001
@00003130: $ 7 <= 00000000
@0000313c: $ 1 <= 0000000c
@00003140: $ 7 <= c3b2a190
@0000314c: $ 1 <= 00000001
@00003150: $ 7 <= 4c3b2a19
@00003160: $ 7 <= fffffb72
@00003170: $ 7 <= 50c80000
@0000317c: $ 1 <= 00000001
@00003180: $ 7 <= fffffffe
@0000318c: $ 1 <= 00000003
@00003190: $ 7 <= 000000fe
@000031a0: $ 7 <= 000008d1
@000031ac: $ 1 <= 00000003
@000031b0: $ 7 <= ffcc3b2a
@000031c0: $ 7 <= 00444400
@000031d0: $ 7 <= bb7777bb
@000031e0: $ 7 <= 44888844
@000031f0: $ 7 <= bb3333bb
@00003204: $ 7 <= 0075cd90
@00003214: $ 7 <= 766651b0
@00003228: $ 7 <= 97c8dc5a
@00003238: $ 7 <= 766651b0
@0000324c: $ 7 <= fedcbac2
@0000325c: $ 7 <= 0000005a
@00003270: $ 7 <= 98765432
@00003280: $ 7 <= 00000000
# restart
# run 5.00us
Simulator is doing circuit initialization process.
Finished circuit initialization process.
@00003000: $ 1 <= 98760000
@00003004: $ 4 <= 98765432
@00003008: $ 1 <= 23450000
@0000300c: $ 5 <= 23456789
@00003010: $ 1 <= fedc0000
@00003014: $ 6 <= fedcba98
@00003018: $10 <= 00000001
@0000301c: $ 9 <= 00000000
@00003020: $ 3 <= bbbbbbbb
@00003024: $ 2 <= 97530eca
@00003028: $11 <= 00444400
@0000302c: $12 <= bb7777bb
@00003030: $13 <= 44888844
@00003034: $14 <= bb3333bb
@00003038: $31 <= 00000000
@00003040: $15 <= 0075cd90
@00003044: $16 <= 766651b0
@0000304c: $17 <= 97c8dc5a
@00003050: $18 <= 766651b0
@00003058: $19 <= fedcbac2
@0000305c: $20 <= 0000005a
@00003064: $21 <= 98765432
@00003068: $22 <= 00000000
@00003080: $ 7 <= bbbbbbbb
@00003090: $ 7 <= 98765432
@000030a0: $ 7 <= 97530eca
@000030b0: $ 7 <= 98765432
@000030bc: $ 1 <= fedc0008
@000030c0: $ 7 <= 00000001
@000030cc: $ 1 <= 00000004
@000030d0: $ 7 <= 00000000
@000030dc: $ 1 <= 0000000c
@000030e0: $ 7 <= 00000001
@000030ec: $ 1 <= 00000004
@000030f0: $ 7 <= 00000000
@00003100: $ 7 <= 00000001
@0000310c: $ 1 <= 00000004
@00003110: $ 7 <= 00000000
@00003120: $ 7 <= 00000001
@00003130: $ 7 <= 00000000
@0000313c: $ 1 <= 0000000c
@00003140: $ 7 <= c3b2a190
@0000314c: $ 1 <= 00000001
@00003150: $ 7 <= 4c3b2a19
@00003160: $ 7 <= fffffb72
@00003170: $ 7 <= 50c80000
@0000317c: $ 1 <= 00000001
@00003180: $ 7 <= fffffffe
@0000318c: $ 1 <= 00000003
@00003190: $ 7 <= 000000fe
@000031a0: $ 7 <= 000008d1
@000031ac: $ 1 <= 00000003
@000031b0: $ 7 <= ffcc3b2a
@000031c0: $ 7 <= 00444400
@000031d0: $ 7 <= bb7777bb
@000031e0: $ 7 <= 44888844
@000031f0: $ 7 <= bb3333bb
@00003204: $ 7 <= 0075cd90
@00003214: $ 7 <= 766651b0
@00003228: $ 7 <= 97c8dc5a
@00003238: $ 7 <= 766651b0
@0000324c: $ 7 <= fedcbac2
@0000325c: $ 7 <= 0000005a
@00003270: $ 7 <= 98765432
@00003280: $ 7 <= 00000000
@0000328c: $ 1 <= 00000002
# restart
# run 5.00us
Simulator is doing circuit initialization process.
Finished circuit initialization process.
@00003000: $ 1 <= 98760000
@00003004: $ 4 <= 98765432
@00003008: $ 1 <= 23450000
@0000300c: $ 5 <= 23456789
@00003010: $ 1 <= fedc0000
@00003014: $ 6 <= fedcba98
@00003018: $10 <= 00000001
@0000301c: $ 9 <= 00000000
@00003020: $ 3 <= bbbbbbbb
@00003024: $ 2 <= 97530eca
@00003028: $11 <= 00444400
@0000302c: $12 <= bb7777bb
@00003030: $13 <= 44888844
@00003034: $14 <= bb3333bb
@00003038: $31 <= 00000000
@00003040: $15 <= 0075cd90
@00003044: $16 <= 766651b0
@0000304c: $17 <= 97c8dc5a
@00003050: $18 <= 766651b0
@00003058: $19 <= fedcbac2
@0000305c: $20 <= 0000005a
@00003064: $21 <= 98765432
@00003068: $22 <= 00000000
@00003080: $ 7 <= bbbbbbbb
@00003090: $ 7 <= 98765432
@000030a0: $ 7 <= 97530eca
@000030b0: $ 7 <= 98765432
@000030bc: $ 1 <= fedc0008
@000030c0: $ 7 <= 00000001
@000030cc: $ 1 <= 00000004
@000030d0: $ 7 <= 00000000
@000030dc: $ 1 <= 0000000c
@000030e0: $ 7 <= 00000001
@000030ec: $ 1 <= 00000004
@000030f0: $ 7 <= 00000000
@00003100: $ 7 <= 00000001
@0000310c: $ 1 <= 00000004
@00003110: $ 7 <= 00000000
@00003120: $ 7 <= 00000001
@00003130: $ 7 <= 00000000
@0000313c: $ 1 <= 0000000c
@00003140: $ 7 <= c3b2a190
@0000314c: $ 1 <= 00000001
@00003150: $ 7 <= 4c3b2a19
@00003160: $ 7 <= fffffb72
@00003170: $ 7 <= 50c80000
@0000317c: $ 1 <= 00000001
@00003180: $ 7 <= fffffffe
@0000318c: $ 1 <= 00000003
@00003190: $ 7 <= 000000fe
@000031a0: $ 7 <= 000008d1
@000031ac: $ 1 <= 00000003
@000031b0: $ 7 <= ffcc3b2a
@000031c0: $ 7 <= 00444400
@000031d0: $ 7 <= bb7777bb
@000031e0: $ 7 <= 44888844
@000031f0: $ 7 <= bb3333bb
@00003204: $ 7 <= 0075cd90
@00003214: $ 7 <= 766651b0
@00003228: $ 7 <= 97c8dc5a
@00003238: $ 7 <= 766651b0
@0000324c: $ 7 <= fedcbac2
@0000325c: $ 7 <= 0000005a
@00003270: $ 7 <= 98765432
@00003280: $ 7 <= 00000000
@0000328c: $ 1 <= 00000002
ISim P.20131013 (signature 0x7708f090)
WARNING: A WEBPACK license was found.
WARNING: Please use Xilinx License Configuration Manager to check out a full ISim license.
WARNING: ISim will run in Lite mode. Please refer to the ISim documentation for more information on the differences between the Lite and the Full version.
This is a Lite version of ISim.
# run 1000 ns
Simulator is doing circuit initialization process.
Finished circuit initialization process.
@00003000: $ 2 <= 00003000
@00003004: $ 3 <= 00000004
@00003008: $ 4 <= 00003004
@0000300c: $ 4 <= 00003014
@00003014: $ 1 <= 00000001
@00003014: $ 1 <= 00000000
@00003018: $ 4 <= 00003020
@00003020: $ 1 <= 00000001
@00003020: $ 1 <= 00000000
@00003024: $ 4 <= 0000302c
@0000302c: $ 1 <= 00000001
@0000302c: $ 1 <= 00000000
@00003030: $ 4 <= ffffffff
@00003034: $ 4 <= 0000303c
@0000303c: $ 1 <= 00000001
@0000303c: $ 1 <= 00000000
@00003040: $ 4 <= 0000304c
@00003044: $10 <= 0000304c
@00003048: $ 1 <= 00000001
@0000304c: $12 <= 00000010
@00003050: $ 4 <= 0000305c
@00003054: $10 <= 0000305c
@00003058: $ 1 <= 00000000
@0000305c: $12 <= fffffff0
@00003060: $ 4 <= 0000306c
@00003064: $10 <= 0000306c
@00003068: $ 1 <= 00000001
@0000306c: $12 <= 00000010
@00003070: $ 4 <= 0000307c
@00003074: $10 <= 0000307c
@00003078: $ 1 <= 00000000
@0000307c: $12 <= fffffff0
@00003080: $ 4 <= 0000308c
@00003084: $10 <= 0000308c
@00003088: $ 1 <= 00000001
@0000308c: $ 1 <= 00030000
@00003090: $12 <= 000309c0
@00003094: $ 4 <= 0000309c
@00003098: $10 <= 000030a0
@0000309c: $ 1 <= 00030001
@0000309c: $ 1 <= 00030000
@000030a0: $ 1 <= 00030000
@000030a4: $12 <= 00030b00
@000030a8: $ 4 <= 000030b0
@000030ac: $10 <= 000030b4
@000030b0: $ 1 <= 00030001
@000030b0: $ 1 <= 00030000
@000030b4: $12 <= 0000030c
@000030b8: $ 4 <= 000030c0
@000030bc: $10 <= 000030c4
@000030c0: $ 1 <= 00030001
@000030c0: $ 1 <= 00030000
@000030c4: $12 <= 00000c38
@000030c8: $ 1 <= 77770000
@000030cc: $13 <= 77777702
@000030d8: $ 4 <= 000030e0
@000030dc: $10 <= 000030e4
@000030e0: $ 1 <= 77770001
@000030e0: $ 1 <= 77770000
@000030e4: $12 <= 0000c3c0
@000030e8: $ 4 <= 000030f0
@000030ec: $10 <= 000030f4
@000030f0: $ 1 <= 77770001
@000030f0: $ 1 <= 77770000
@000030f4: $12 <= 0000c400
@000030f8: $ 4 <= 00003100
@000030fc: $10 <= 00003104
@00003100: $ 1 <= 77770001
@00003100: $ 1 <= 77770000
@00003104: $12 <= 00003110
@00003108: $13 <= 00000004
@0000310c: $ 4 <= 00003114
@00003110: $10 <= 00003118
@00003114: $ 1 <= 77770001
@00003114: $ 1 <= 77770000
@00003118: $14 <= 00000034
@0000311c: $ 4 <= 00003124
@00003120: $10 <= 00003128
@00003124: $ 1 <= 77770001
@00003124: $ 1 <= 77770000
@00003128: $15 <= 0000313c
@0000312c: $16 <= 00000001
@00003134: $ 4 <= 0000313c
@00003138: $10 <= 00003140
@0000313c: $ 1 <= 77770001
@0000313c: $ 1 <= 77770000
@00003140: $ 1 <= 03150000
@00003144: $15 <= 0315c000
@00003148: $ 1 <= 00100000
@0000314c: $16 <= 00100000
@00003154: $ 4 <= 0000315c
@00003158: $10 <= 00003160
@0000315c: $ 1 <= 00100001
@0000315c: $ 1 <= 00100000
# restart
# run 5.00us
Simulator is doing circuit initialization process.
Finished circuit initialization process.
@00003000: $ 2 <= 00003000
@00003004: $ 3 <= 00000004
@00003008: $ 4 <= 00003004
@0000300c: $ 4 <= 00003014
@00003014: $ 1 <= 00000001
@00003014: $ 1 <= 00000000
@00003018: $ 4 <= 00003020
@00003020: $ 1 <= 00000001
@00003020: $ 1 <= 00000000
@00003024: $ 4 <= 0000302c
@0000302c: $ 1 <= 00000001
@0000302c: $ 1 <= 00000000
@00003030: $ 4 <= ffffffff
@00003034: $ 4 <= 0000303c
@0000303c: $ 1 <= 00000001
@0000303c: $ 1 <= 00000000
@00003040: $ 4 <= 0000304c
@00003044: $10 <= 0000304c
@00003048: $ 1 <= 00000001
@0000304c: $12 <= 00000010
@00003050: $ 4 <= 0000305c
@00003054: $10 <= 0000305c
@00003058: $ 1 <= 00000000
@0000305c: $12 <= fffffff0
@00003060: $ 4 <= 0000306c
@00003064: $10 <= 0000306c
@00003068: $ 1 <= 00000001
@0000306c: $12 <= 00000010
@00003070: $ 4 <= 0000307c
@00003074: $10 <= 0000307c
@00003078: $ 1 <= 00000000
@0000307c: $12 <= fffffff0
@00003080: $ 4 <= 0000308c
@00003084: $10 <= 0000308c
@00003088: $ 1 <= 00000001
@0000308c: $ 1 <= 00030000
@00003090: $12 <= 000309c0
@00003094: $ 4 <= 0000309c
@00003098: $10 <= 000030a0
@0000309c: $ 1 <= 00030001
@0000309c: $ 1 <= 00030000
@000030a0: $ 1 <= 00030000
@000030a4: $12 <= 00030b00
@000030a8: $ 4 <= 000030b0
@000030ac: $10 <= 000030b4
@000030b0: $ 1 <= 00030001
@000030b0: $ 1 <= 00030000
@000030b4: $12 <= 0000030c
@000030b8: $ 4 <= 000030c0
@000030bc: $10 <= 000030c4
@000030c0: $ 1 <= 00030001
@000030c0: $ 1 <= 00030000
@000030c4: $12 <= 00000c38
@000030c8: $ 1 <= 77770000
@000030cc: $13 <= 77777702
@000030d8: $ 4 <= 000030e0
@000030dc: $10 <= 000030e4
@000030e0: $ 1 <= 77770001
@000030e0: $ 1 <= 77770000
@000030e4: $12 <= 0000c3c0
@000030e8: $ 4 <= 000030f0
@000030ec: $10 <= 000030f4
@000030f0: $ 1 <= 77770001
@000030f0: $ 1 <= 77770000
@000030f4: $12 <= 0000c400
@000030f8: $ 4 <= 00003100
@000030fc: $10 <= 00003104
@00003100: $ 1 <= 77770001
@00003100: $ 1 <= 77770000
@00003104: $12 <= 00003110
@00003108: $13 <= 00000004
@0000310c: $ 4 <= 00003114
@00003110: $10 <= 00003118
@00003114: $ 1 <= 77770001
@00003114: $ 1 <= 77770000
@00003118: $14 <= 00000034
@0000311c: $ 4 <= 00003124
@00003120: $10 <= 00003128
@00003124: $ 1 <= 77770001
@00003124: $ 1 <= 77770000
@00003128: $15 <= 0000313c
@0000312c: $16 <= 00000001
@00003134: $ 4 <= 0000313c
@00003138: $10 <= 00003140
@0000313c: $ 1 <= 77770001
@0000313c: $ 1 <= 77770000
@00003140: $ 1 <= 03150000
@00003144: $15 <= 0315c000
@00003148: $ 1 <= 00100000
@0000314c: $16 <= 00100000
@00003154: $ 4 <= 0000315c
@00003158: $10 <= 00003160
@0000315c: $ 1 <= 00100001
@0000315c: $ 1 <= 00100000
# restart
# run 5.00us
Simulator is doing circuit initialization process.
Finished circuit initialization process.
@00003000: $ 2 <= 00003000
@00003004: $ 3 <= 00000004
@00003008: $ 4 <= 00003004
@0000300c: $ 4 <= 00003014
@00003014: $ 1 <= 00000001
@00003014: $ 1 <= 00000000
@00003018: $ 4 <= 00003020
@00003020: $ 1 <= 00000001
@00003020: $ 1 <= 00000000
@00003024: $ 4 <= 0000302c
@0000302c: $ 1 <= 00000001
@0000302c: $ 1 <= 00000000
@00003030: $ 4 <= ffffffff
@00003034: $ 4 <= 0000303c
@0000303c: $ 1 <= 00000001
@0000303c: $ 1 <= 00000000
@00003040: $ 4 <= 0000304c
@00003044: $10 <= 0000304c
@00003048: $ 1 <= 00000001
@0000304c: $12 <= 00000010
@00003050: $ 4 <= 0000305c
@00003054: $10 <= 0000305c
@00003058: $ 1 <= 00000000
@0000305c: $12 <= fffffff0
@00003060: $ 4 <= 0000306c
@00003064: $10 <= 0000306c
@00003068: $ 1 <= 00000001
@0000306c: $12 <= 00000010
@00003070: $ 4 <= 0000307c
@00003074: $10 <= 0000307c
@00003078: $ 1 <= 00000000
@0000307c: $12 <= fffffff0
@00003080: $ 4 <= 0000308c
@00003084: $10 <= 0000308c
@00003088: $ 1 <= 00000001
@0000308c: $ 1 <= 00030000
@00003090: $12 <= 000309c0
@00003094: $ 4 <= 0000309c
@00003098: $10 <= 000030a0
@0000309c: $ 1 <= 00030001
@0000309c: $ 1 <= 00030000
@000030a0: $ 1 <= 00030000
@000030a4: $12 <= 00030b00
@000030a8: $ 4 <= 000030b0
@000030ac: $10 <= 000030b4
@000030b0: $ 1 <= 00030001
@000030b0: $ 1 <= 00030000
@000030b4: $12 <= 0000030c
@000030b8: $ 4 <= 000030c0
@000030bc: $10 <= 000030c4
@000030c0: $ 1 <= 00030001
@000030c0: $ 1 <= 00030000
@000030c4: $12 <= 00000c38
@000030c8: $ 1 <= 77770000
@000030cc: $13 <= 77777702
@000030d8: $ 4 <= 000030e0
@000030dc: $10 <= 000030e4
@000030e0: $ 1 <= 77770001
@000030e0: $ 1 <= 77770000
@000030e4: $12 <= 0000c3c0
@000030e8: $ 4 <= 000030f0
@000030ec: $10 <= 000030f4
@000030f0: $ 1 <= 77770001
@000030f0: $ 1 <= 77770000
@000030f4: $12 <= 0000c400
@000030f8: $ 4 <= 00003100
@000030fc: $10 <= 00003104
@00003100: $ 1 <= 77770001
@00003100: $ 1 <= 77770000
@00003104: $12 <= 00003110
@00003108: $13 <= 00000004
@0000310c: $ 4 <= 00003114
@00003110: $10 <= 00003118
@00003114: $ 1 <= 77770001
@00003114: $ 1 <= 77770000
@00003118: $14 <= 00000034
@0000311c: $ 4 <= 00003124
@00003120: $10 <= 00003128
@00003124: $ 1 <= 77770001
@00003124: $ 1 <= 77770000
@00003128: $15 <= 0000313c
@0000312c: $16 <= 00000001
@00003134: $ 4 <= 0000313c
@00003138: $10 <= 00003140
@0000313c: $ 1 <= 77770001
@0000313c: $ 1 <= 77770000
@00003140: $ 1 <= 03150000
@00003144: $15 <= 0315c000
@00003148: $ 1 <= 00100000
@0000314c: $16 <= 00100000
@00003154: $ 4 <= 0000315c
@00003158: $10 <= 00003160
@0000315c: $ 1 <= 00100001
@0000315c: $ 1 <= 00100000
