Command line:
   mips_tb_p5_isim_beh.exe
     -simmode  gui
     -simrunnum  0
     -socket  9015

Wed Dec 15 14:57:06 2021


 Elaboration Time: 0.046875 sec

 Current Memory Usage: 5157.66 Meg

 Total Signals          : 342
 Total Nets             : 2472
 Total Signal Drivers   : 205
 Total Blocks           : 24
 Total Primitive Blocks : 19
 Total Processes        : 216
 Total Traceable Variables  : 67
 Total Scalar Nets and Variables : 266733
Total Line Count : 356

 Total Simulation Time: 0.0625 sec

 Current Memory Usage: 4685.8 Meg

Wed Dec 15 17:46:12 2021

